Arguments: 
  C:\Program Files\nodejs\node.exe C:\Users\Navraj\AppData\Roaming\npm\node_modules\yarn\bin\yarn.js add react-icon styloed-components scrollreveal

PATH: 
  C:\Users\Navraj\bin;C:\Program Files\Git\mingw64\bin;C:\Program Files\Git\usr\local\bin;C:\Program Files\Git\usr\bin;C:\Program Files\Git\usr\bin;C:\Program Files\Git\mingw64\bin;C:\Program Files\Git\usr\bin;C:\Users\Navraj\bin;C:\Windows\system32;C:\Windows;C:\Windows\System32\Wbem;C:\Windows\System32\WindowsPowerShell\v1.0;C:\Windows\System32\OpenSSH;C:\Python\Python311;C:\Program Files\Git\cmd;C:\Program Files\nodejs;C:\Python\Python311\Scripts;C:\Python\Python311;C:\Users\Navraj\AppData\Local\Microsoft\WindowsApps;C:\Users\Navraj\AppData\Local\Programs\Microsoft VS Code\bin;C:\Users\Navraj\AppData\Roaming\npm;C:\Program Files\Git\usr\bin\vendor_perl;C:\Program Files\Git\usr\bin\core_perl

Yarn version: 
  1.22.19

Node version: 
  18.12.1

Platform: 
  win32 x64

Trace: 
  Error: https://registry.yarnpkg.com/styloed-components: Not found
      at params.callback [as _callback] (C:\Users\Navraj\AppData\Roaming\npm\node_modules\yarn\lib\cli.js:66145:18)
      at self.callback (C:\Users\Navraj\AppData\Roaming\npm\node_modules\yarn\lib\cli.js:140890:22)
      at Request.emit (node:events:513:28)
      at Request.<anonymous> (C:\Users\Navraj\AppData\Roaming\npm\node_modules\yarn\lib\cli.js:141862:10)
      at Request.emit (node:events:513:28)
      at IncomingMessage.<anonymous> (C:\Users\Navraj\AppData\Roaming\npm\node_modules\yarn\lib\cli.js:141784:12)
      at Object.onceWrapper (node:events:627:28)
      at IncomingMessage.emit (node:events:525:35)
      at endReadableNT (node:internal/streams/readable:1359:12)
      at process.processTicksAndRejections (node:internal/process/task_queues:82:21)

npm manifest: 
  No manifest

yarn manifest: 
  No manifest

Lockfile: 
  No lockfile
